2019-08-30 10:21:30 server.StartSever.main(StartSever.java:7) StartSever.java INFO TestLog
2019-08-30 14:36:30 server.req_resp_Imp.RequestImp.getHead(RequestImp.java:60) RequestImp.java INFO 请求头分割异常
2019-08-30 14:38:41 server.req_resp_Imp.RequestImp.getHead(RequestImp.java:61) RequestImp.java INFO 请求头分割异常
2019-08-30 14:39:06 server.req_resp_Imp.ResponImp.getResHeader(ResponImp.java:49) ResponImp.java INFO 后缀：/
2019-08-30 14:39:06 server.req_resp_Imp.ResponImp.getResHeader(ResponImp.java:49) ResponImp.java INFO 后缀：/
2019-08-30 14:41:47 server.req_resp_Imp.ResponImp.getResHeader(ResponImp.java:49) ResponImp.java INFO 后缀：/
2019-08-30 14:41:47 server.req_resp_Imp.ResponImp.getResHeader(ResponImp.java:49) ResponImp.java INFO 后缀：/
2019-08-30 14:41:47 server.req_resp_Imp.ResponImp.getResHeader(ResponImp.java:49) ResponImp.java INFO 后缀：ico
2019-08-30 14:41:47 server.req_resp_Imp.ResponImp.getResHeader(ResponImp.java:49) ResponImp.java INFO 后缀：ico
2019-08-30 14:41:59 server.req_resp_Imp.ResponImp.getResHeader(ResponImp.java:49) ResponImp.java INFO 后缀：ico
2019-08-30 14:41:59 server.req_resp_Imp.ResponImp.getResHeader(ResponImp.java:49) ResponImp.java INFO 后缀：ico
2019-08-30 14:42:05 server.req_resp_Imp.ResponImp.getResHeader(ResponImp.java:49) ResponImp.java INFO 后缀：html
2019-08-30 14:42:05 server.req_resp_Imp.ResponImp.getResHeader(ResponImp.java:49) ResponImp.java INFO 后缀：html
2019-08-30 14:42:23 server.req_resp_Imp.RequestImp.spReqLine(RequestImp.java:41) RequestImp.java INFO 请求行为空
2019-08-30 14:47:57 server.req_resp_Imp.ResponImp.getResHeader(ResponImp.java:49) ResponImp.java INFO 后缀：ico
2019-08-30 14:47:57 server.req_resp_Imp.ResponImp.getResHeader(ResponImp.java:49) ResponImp.java INFO 后缀：ico
2019-08-30 14:48:14 server.req_resp_Imp.ResponImp.getResHeader(ResponImp.java:49) ResponImp.java INFO 后缀：/
2019-08-30 14:48:14 server.req_resp_Imp.ResponImp.getResHeader(ResponImp.java:49) ResponImp.java INFO 后缀：/
2019-08-30 14:48:14 server.req_resp_Imp.ResponImp.getResHeader(ResponImp.java:49) ResponImp.java INFO 后缀：ico
2019-08-30 14:48:14 server.req_resp_Imp.ResponImp.getResHeader(ResponImp.java:49) ResponImp.java INFO 后缀：ico
2019-08-30 14:48:21 server.req_resp_Imp.RequestImp.spBody(RequestImp.java:95) RequestImp.java INFO name
2019-08-30 14:48:21 server.req_resp_Imp.RequestImp.spBody(RequestImp.java:95) RequestImp.java INFO dd
2019-08-30 14:48:21 server.req_resp_Imp.ResponImp.getResHeader(ResponImp.java:49) ResponImp.java INFO 后缀：html
2019-08-30 14:48:21 server.req_resp_Imp.ResponImp.getResHeader(ResponImp.java:49) ResponImp.java INFO 后缀：html
2019-08-30 14:49:03 server.req_resp_Imp.ResponImp.getResHeader(ResponImp.java:49) ResponImp.java INFO 后缀：html
2019-08-30 14:49:03 server.req_resp_Imp.ResponImp.getResHeader(ResponImp.java:49) ResponImp.java INFO 后缀：html
2019-08-30 14:49:10 server.req_resp_Imp.ResponImp.getResHeader(ResponImp.java:49) ResponImp.java INFO 后缀：html
2019-08-30 14:49:10 server.req_resp_Imp.ResponImp.getResHeader(ResponImp.java:49) ResponImp.java INFO 后缀：html
2019-08-30 14:49:46 server.req_resp_Imp.ResponImp.getResHeader(ResponImp.java:49) ResponImp.java INFO 后缀：html
2019-08-30 14:49:46 server.req_resp_Imp.ResponImp.getResHeader(ResponImp.java:49) ResponImp.java INFO 后缀：html
2019-08-30 14:49:59 server.req_resp_Imp.ResponImp.getResHeader(ResponImp.java:49) ResponImp.java INFO 后缀：html
2019-08-30 14:49:59 server.req_resp_Imp.ResponImp.getResHeader(ResponImp.java:49) ResponImp.java INFO 后缀：html
2019-08-30 14:51:42 server.req_resp_Imp.RequestImp.spBody(RequestImp.java:95) RequestImp.java INFO id
2019-08-30 14:51:42 server.req_resp_Imp.RequestImp.spBody(RequestImp.java:95) RequestImp.java INFO pwd
2019-08-30 14:51:42 server.req_resp_Imp.ResponImp.getResHeader(ResponImp.java:49) ResponImp.java INFO 后缀：html
2019-08-30 14:51:42 server.req_resp_Imp.ResponImp.getResHeader(ResponImp.java:49) ResponImp.java INFO 后缀：html
2019-08-30 14:51:53 server.req_resp_Imp.RequestImp.spBody(RequestImp.java:95) RequestImp.java INFO id
2019-08-30 14:51:53 server.req_resp_Imp.RequestImp.spBody(RequestImp.java:95) RequestImp.java INFO pwd
2019-08-30 14:51:53 server.req_resp_Imp.ResponImp.getResHeader(ResponImp.java:49) ResponImp.java INFO 后缀：html
2019-08-30 14:51:53 server.req_resp_Imp.ResponImp.getResHeader(ResponImp.java:49) ResponImp.java INFO 后缀：html
2019-08-30 14:52:09 server.req_resp_Imp.RequestImp.spBody(RequestImp.java:95) RequestImp.java INFO id
2019-08-30 14:52:09 server.req_resp_Imp.RequestImp.spBody(RequestImp.java:95) RequestImp.java INFO pwd
2019-08-30 14:52:09 server.req_resp_Imp.ResponImp.getResHeader(ResponImp.java:49) ResponImp.java INFO 后缀：html
2019-08-30 14:52:09 server.req_resp_Imp.ResponImp.getResHeader(ResponImp.java:49) ResponImp.java INFO 后缀：html
2019-08-30 14:52:18 server.req_resp_Imp.RequestImp.spBody(RequestImp.java:95) RequestImp.java INFO id
2019-08-30 14:52:18 server.req_resp_Imp.RequestImp.spBody(RequestImp.java:95) RequestImp.java INFO pwd
2019-08-30 14:52:18 server.req_resp_Imp.ResponImp.getResHeader(ResponImp.java:49) ResponImp.java INFO 后缀：html
2019-08-30 14:52:18 server.req_resp_Imp.ResponImp.getResHeader(ResponImp.java:49) ResponImp.java INFO 后缀：html
2019-08-30 14:52:21 server.req_resp_Imp.RequestImp.spBody(RequestImp.java:95) RequestImp.java INFO id
2019-08-30 14:52:21 server.req_resp_Imp.RequestImp.spBody(RequestImp.java:95) RequestImp.java INFO pwd
2019-08-30 14:52:21 server.req_resp_Imp.ResponImp.getResHeader(ResponImp.java:49) ResponImp.java INFO 后缀：html
2019-08-30 14:52:21 server.req_resp_Imp.ResponImp.getResHeader(ResponImp.java:49) ResponImp.java INFO 后缀：html
2019-08-30 14:52:23 server.req_resp_Imp.RequestImp.spBody(RequestImp.java:95) RequestImp.java INFO id
2019-08-30 14:52:23 server.req_resp_Imp.RequestImp.spBody(RequestImp.java:95) RequestImp.java INFO pwd
2019-08-30 14:52:23 server.req_resp_Imp.ResponImp.getResHeader(ResponImp.java:49) ResponImp.java INFO 后缀：html
2019-08-30 14:52:23 server.req_resp_Imp.ResponImp.getResHeader(ResponImp.java:49) ResponImp.java INFO 后缀：html
2019-08-30 14:52:27 server.req_resp_Imp.RequestImp.spBody(RequestImp.java:95) RequestImp.java INFO id
2019-08-30 14:52:27 server.req_resp_Imp.RequestImp.spBody(RequestImp.java:95) RequestImp.java INFO pwd
2019-08-30 14:52:27 server.req_resp_Imp.ResponImp.getResHeader(ResponImp.java:49) ResponImp.java INFO 后缀：html
2019-08-30 14:52:27 server.req_resp_Imp.ResponImp.getResHeader(ResponImp.java:49) ResponImp.java INFO 后缀：html
2019-08-30 14:52:35 server.req_resp_Imp.RequestImp.spBody(RequestImp.java:95) RequestImp.java INFO id
2019-08-30 14:52:35 server.req_resp_Imp.RequestImp.spBody(RequestImp.java:95) RequestImp.java INFO pwd
2019-08-30 14:52:35 server.req_resp_Imp.ResponImp.getResHeader(ResponImp.java:49) ResponImp.java INFO 后缀：html
2019-08-30 14:52:35 server.req_resp_Imp.ResponImp.getResHeader(ResponImp.java:49) ResponImp.java INFO 后缀：html
2019-08-30 14:52:37 server.req_resp_Imp.RequestImp.spBody(RequestImp.java:95) RequestImp.java INFO id
2019-08-30 14:52:37 server.req_resp_Imp.RequestImp.spBody(RequestImp.java:95) RequestImp.java INFO pwd
2019-08-30 14:52:37 server.req_resp_Imp.ResponImp.getResHeader(ResponImp.java:49) ResponImp.java INFO 后缀：html
2019-08-30 14:52:37 server.req_resp_Imp.ResponImp.getResHeader(ResponImp.java:49) ResponImp.java INFO 后缀：html
2019-08-30 14:52:39 server.req_resp_Imp.RequestImp.spBody(RequestImp.java:95) RequestImp.java INFO id
2019-08-30 14:52:39 server.req_resp_Imp.RequestImp.spBody(RequestImp.java:95) RequestImp.java INFO pwd
2019-08-30 14:52:39 server.req_resp_Imp.ResponImp.getResHeader(ResponImp.java:49) ResponImp.java INFO 后缀：html
2019-08-30 14:52:39 server.req_resp_Imp.ResponImp.getResHeader(ResponImp.java:49) ResponImp.java INFO 后缀：html
2019-08-30 14:53:08 server.req_resp_Imp.RequestImp.spBody(RequestImp.java:95) RequestImp.java INFO id
2019-08-30 14:53:08 server.req_resp_Imp.RequestImp.spBody(RequestImp.java:95) RequestImp.java INFO pwd
2019-08-30 14:53:08 server.req_resp_Imp.ResponImp.getResHeader(ResponImp.java:49) ResponImp.java INFO 后缀：html
2019-08-30 14:53:08 server.req_resp_Imp.ResponImp.getResHeader(ResponImp.java:49) ResponImp.java INFO 后缀：html
2019-08-30 14:53:12 server.req_resp_Imp.RequestImp.spBody(RequestImp.java:95) RequestImp.java INFO id
2019-08-30 14:53:12 server.req_resp_Imp.RequestImp.spBody(RequestImp.java:95) RequestImp.java INFO pwd
2019-08-30 14:53:12 server.req_resp_Imp.ResponImp.getResHeader(ResponImp.java:49) ResponImp.java INFO 后缀：html
2019-08-30 14:53:12 server.req_resp_Imp.ResponImp.getResHeader(ResponImp.java:49) ResponImp.java INFO 后缀：html
2019-08-30 14:53:13 server.req_resp_Imp.RequestImp.spBody(RequestImp.java:95) RequestImp.java INFO id
2019-08-30 14:53:13 server.req_resp_Imp.RequestImp.spBody(RequestImp.java:95) RequestImp.java INFO pwd
2019-08-30 14:53:13 server.req_resp_Imp.ResponImp.getResHeader(ResponImp.java:49) ResponImp.java INFO 后缀：html
2019-08-30 14:53:13 server.req_resp_Imp.ResponImp.getResHeader(ResponImp.java:49) ResponImp.java INFO 后缀：html
2019-08-30 14:53:13 server.req_resp_Imp.RequestImp.spBody(RequestImp.java:95) RequestImp.java INFO id
2019-08-30 14:53:13 server.req_resp_Imp.RequestImp.spBody(RequestImp.java:95) RequestImp.java INFO pwd
2019-08-30 14:53:13 server.req_resp_Imp.ResponImp.getResHeader(ResponImp.java:49) ResponImp.java INFO 后缀：html
2019-08-30 14:53:13 server.req_resp_Imp.ResponImp.getResHeader(ResponImp.java:49) ResponImp.java INFO 后缀：html
2019-08-30 14:53:14 server.req_resp_Imp.RequestImp.spBody(RequestImp.java:95) RequestImp.java INFO id
2019-08-30 14:53:14 server.req_resp_Imp.RequestImp.spBody(RequestImp.java:95) RequestImp.java INFO pwd
2019-08-30 14:53:14 server.req_resp_Imp.ResponImp.getResHeader(ResponImp.java:49) ResponImp.java INFO 后缀：html
2019-08-30 14:53:14 server.req_resp_Imp.ResponImp.getResHeader(ResponImp.java:49) ResponImp.java INFO 后缀：html
2019-08-30 14:53:14 server.req_resp_Imp.RequestImp.spBody(RequestImp.java:95) RequestImp.java INFO id
2019-08-30 14:53:14 server.req_resp_Imp.RequestImp.spBody(RequestImp.java:95) RequestImp.java INFO pwd
2019-08-30 14:53:14 server.req_resp_Imp.ResponImp.getResHeader(ResponImp.java:49) ResponImp.java INFO 后缀：html
2019-08-30 14:53:14 server.req_resp_Imp.ResponImp.getResHeader(ResponImp.java:49) ResponImp.java INFO 后缀：html
2019-08-30 14:53:16 server.req_resp_Imp.RequestImp.spBody(RequestImp.java:95) RequestImp.java INFO id
2019-08-30 14:53:16 server.req_resp_Imp.RequestImp.spBody(RequestImp.java:95) RequestImp.java INFO pwd
2019-08-30 14:53:16 server.req_resp_Imp.ResponImp.getResHeader(ResponImp.java:49) ResponImp.java INFO 后缀：html
2019-08-30 14:53:16 server.req_resp_Imp.ResponImp.getResHeader(ResponImp.java:49) ResponImp.java INFO 后缀：html
2019-08-30 14:53:35 server.req_resp_Imp.RequestImp.spBody(RequestImp.java:95) RequestImp.java INFO id
2019-08-30 14:53:35 server.req_resp_Imp.RequestImp.spBody(RequestImp.java:95) RequestImp.java INFO pwd
2019-08-30 14:53:35 server.req_resp_Imp.ResponImp.getResHeader(ResponImp.java:49) ResponImp.java INFO 后缀：html
2019-08-30 14:53:35 server.req_resp_Imp.ResponImp.getResHeader(ResponImp.java:49) ResponImp.java INFO 后缀：html
2019-08-30 14:53:35 server.req_resp_Imp.ResponImp.getResHeader(ResponImp.java:49) ResponImp.java INFO 后缀：action
2019-08-30 14:53:35 server.req_resp_Imp.ResponImp.getResHeader(ResponImp.java:49) ResponImp.java INFO 后缀：action
2019-08-30 14:53:57 server.req_resp_Imp.ResponImp.getResHeader(ResponImp.java:49) ResponImp.java INFO 后缀：html
2019-08-30 14:53:57 server.req_resp_Imp.ResponImp.getResHeader(ResponImp.java:49) ResponImp.java INFO 后缀：html
2019-08-30 14:54:00 server.req_resp_Imp.ResponImp.getResHeader(ResponImp.java:49) ResponImp.java INFO 后缀：html
2019-08-30 14:54:00 server.req_resp_Imp.ResponImp.getResHeader(ResponImp.java:49) ResponImp.java INFO 后缀：html
2019-08-30 14:54:04 server.req_resp_Imp.ResponImp.getResHeader(ResponImp.java:49) ResponImp.java INFO 后缀：/
2019-08-30 14:54:04 server.req_resp_Imp.ResponImp.getResHeader(ResponImp.java:49) ResponImp.java INFO 后缀：/
2019-08-30 14:54:19 server.req_resp_Imp.ResponImp.getResHeader(ResponImp.java:49) ResponImp.java INFO 后缀：html
2019-08-30 14:54:19 server.req_resp_Imp.ResponImp.getResHeader(ResponImp.java:49) ResponImp.java INFO 后缀：html
2019-08-30 14:54:26 server.req_resp_Imp.ResponImp.getResHeader(ResponImp.java:49) ResponImp.java INFO 后缀：html
2019-08-30 14:54:26 server.req_resp_Imp.ResponImp.getResHeader(ResponImp.java:49) ResponImp.java INFO 后缀：html
2019-08-30 16:16:03 server.req_resp_Imp.ResponImp.getResHeader(ResponImp.java:61) ResponImp.java INFO 后缀：html
2019-08-30 16:16:03 server.req_resp_Imp.ResponImp.getResHeader(ResponImp.java:61) ResponImp.java INFO 后缀：html
2019-08-30 16:16:19 server.req_resp_Imp.RequestImp.spBody(RequestImp.java:95) RequestImp.java INFO id
2019-08-30 16:16:19 server.req_resp_Imp.RequestImp.spBody(RequestImp.java:95) RequestImp.java INFO pwd
2019-08-30 16:16:19 server.req_resp_Imp.ResponImp.getResHeader(ResponImp.java:61) ResponImp.java INFO 后缀：action
2019-08-30 16:16:20 server.req_resp_Imp.RequestImp.spBody(RequestImp.java:95) RequestImp.java INFO id
2019-08-30 16:16:20 server.req_resp_Imp.RequestImp.spBody(RequestImp.java:95) RequestImp.java INFO pwd
2019-08-30 16:16:20 server.req_resp_Imp.ResponImp.getResHeader(ResponImp.java:61) ResponImp.java INFO 后缀：action
2019-08-30 16:16:24 server.req_resp_Imp.RequestImp.spBody(RequestImp.java:95) RequestImp.java INFO id
2019-08-30 16:16:24 server.req_resp_Imp.RequestImp.spBody(RequestImp.java:95) RequestImp.java INFO pwd
2019-08-30 16:16:24 server.req_resp_Imp.ResponImp.getResHeader(ResponImp.java:61) ResponImp.java INFO 后缀：action
2019-08-30 16:16:25 server.req_resp_Imp.RequestImp.spBody(RequestImp.java:95) RequestImp.java INFO id
2019-08-30 16:16:25 server.req_resp_Imp.RequestImp.spBody(RequestImp.java:95) RequestImp.java INFO pwd
2019-08-30 16:16:25 server.req_resp_Imp.ResponImp.getResHeader(ResponImp.java:61) ResponImp.java INFO 后缀：action
2019-08-30 16:16:25 server.req_resp_Imp.RequestImp.spBody(RequestImp.java:95) RequestImp.java INFO id
2019-08-30 16:16:25 server.req_resp_Imp.RequestImp.spBody(RequestImp.java:95) RequestImp.java INFO pwd
2019-08-30 16:16:25 server.req_resp_Imp.ResponImp.getResHeader(ResponImp.java:61) ResponImp.java INFO 后缀：action
2019-08-30 16:16:25 server.req_resp_Imp.RequestImp.spBody(RequestImp.java:95) RequestImp.java INFO id
2019-08-30 16:16:25 server.req_resp_Imp.RequestImp.spBody(RequestImp.java:95) RequestImp.java INFO pwd
2019-08-30 16:16:25 server.req_resp_Imp.ResponImp.getResHeader(ResponImp.java:61) ResponImp.java INFO 后缀：action
2019-08-30 16:16:25 server.req_resp_Imp.RequestImp.spBody(RequestImp.java:95) RequestImp.java INFO id
2019-08-30 16:16:25 server.req_resp_Imp.RequestImp.spBody(RequestImp.java:95) RequestImp.java INFO pwd
2019-08-30 16:16:25 server.req_resp_Imp.ResponImp.getResHeader(ResponImp.java:61) ResponImp.java INFO 后缀：action
2019-08-30 16:16:25 server.req_resp_Imp.RequestImp.spBody(RequestImp.java:95) RequestImp.java INFO id
2019-08-30 16:16:25 server.req_resp_Imp.RequestImp.spBody(RequestImp.java:95) RequestImp.java INFO pwd
2019-08-30 16:16:25 server.req_resp_Imp.ResponImp.getResHeader(ResponImp.java:61) ResponImp.java INFO 后缀：action
2019-08-30 16:16:25 server.req_resp_Imp.RequestImp.spBody(RequestImp.java:95) RequestImp.java INFO id
2019-08-30 16:16:25 server.req_resp_Imp.RequestImp.spBody(RequestImp.java:95) RequestImp.java INFO pwd
2019-08-30 16:16:25 server.req_resp_Imp.ResponImp.getResHeader(ResponImp.java:61) ResponImp.java INFO 后缀：action
2019-08-30 16:16:26 server.req_resp_Imp.RequestImp.spBody(RequestImp.java:95) RequestImp.java INFO id
2019-08-30 16:16:26 server.req_resp_Imp.RequestImp.spBody(RequestImp.java:95) RequestImp.java INFO pwd
2019-08-30 16:16:26 server.req_resp_Imp.ResponImp.getResHeader(ResponImp.java:61) ResponImp.java INFO 后缀：action
2019-08-30 16:16:26 server.req_resp_Imp.RequestImp.spBody(RequestImp.java:95) RequestImp.java INFO id
2019-08-30 16:16:26 server.req_resp_Imp.RequestImp.spBody(RequestImp.java:95) RequestImp.java INFO pwd
2019-08-30 16:16:26 server.req_resp_Imp.ResponImp.getResHeader(ResponImp.java:61) ResponImp.java INFO 后缀：action
2019-08-30 16:16:26 server.req_resp_Imp.RequestImp.spBody(RequestImp.java:95) RequestImp.java INFO id
2019-08-30 16:16:26 server.req_resp_Imp.RequestImp.spBody(RequestImp.java:95) RequestImp.java INFO pwd
2019-08-30 16:16:26 server.req_resp_Imp.ResponImp.getResHeader(ResponImp.java:61) ResponImp.java INFO 后缀：action
2019-08-30 16:16:26 server.req_resp_Imp.RequestImp.spBody(RequestImp.java:95) RequestImp.java INFO id
2019-08-30 16:16:26 server.req_resp_Imp.RequestImp.spBody(RequestImp.java:95) RequestImp.java INFO pwd
2019-08-30 16:16:26 server.req_resp_Imp.ResponImp.getResHeader(ResponImp.java:61) ResponImp.java INFO 后缀：action
2019-08-30 16:16:30 server.req_resp_Imp.RequestImp.spBody(RequestImp.java:95) RequestImp.java INFO id
2019-08-30 16:16:30 server.req_resp_Imp.RequestImp.spBody(RequestImp.java:95) RequestImp.java INFO pwd
2019-08-30 16:16:30 server.req_resp_Imp.ResponImp.getResHeader(ResponImp.java:61) ResponImp.java INFO 后缀：action
2019-08-30 16:16:30 server.req_resp_Imp.ResponImp.getResHeader(ResponImp.java:61) ResponImp.java INFO 后缀：ico
2019-08-30 16:16:30 server.req_resp_Imp.ResponImp.getResHeader(ResponImp.java:61) ResponImp.java INFO 后缀：ico
2019-08-30 16:16:30 server.req_resp_Imp.ResponImp.getResHeader(ResponImp.java:61) ResponImp.java INFO 后缀：/
2019-08-30 16:16:30 server.req_resp_Imp.ResponImp.getResHeader(ResponImp.java:61) ResponImp.java INFO 后缀：/
2019-08-30 16:16:39 server.req_resp_Imp.ResponImp.getResHeader(ResponImp.java:61) ResponImp.java INFO 后缀：html
2019-08-30 16:16:39 server.req_resp_Imp.ResponImp.getResHeader(ResponImp.java:61) ResponImp.java INFO 后缀：html
2019-08-30 16:16:44 server.req_resp_Imp.ResponImp.getResHeader(ResponImp.java:61) ResponImp.java INFO 后缀：/
2019-08-30 16:16:44 server.req_resp_Imp.ResponImp.getResHeader(ResponImp.java:61) ResponImp.java INFO 后缀：/
2019-08-30 16:16:54 server.req_resp_Imp.RequestImp.spBody(RequestImp.java:95) RequestImp.java INFO name
2019-08-30 16:16:54 server.req_resp_Imp.RequestImp.spBody(RequestImp.java:95) RequestImp.java INFO dd
2019-08-30 16:16:54 server.req_resp_Imp.ResponImp.getResHeader(ResponImp.java:61) ResponImp.java INFO 后缀：html
2019-08-30 16:16:54 server.req_resp_Imp.ResponImp.getResHeader(ResponImp.java:61) ResponImp.java INFO 后缀：html
2019-08-30 16:18:06 server.req_resp_Imp.ResponImp.getResHeader(ResponImp.java:61) ResponImp.java INFO 后缀：html
2019-08-30 16:18:06 server.req_resp_Imp.ResponImp.getResHeader(ResponImp.java:61) ResponImp.java INFO 后缀：html
2019-08-30 16:19:26 server.req_resp_Imp.ResponImp.getResHeader(ResponImp.java:61) ResponImp.java INFO 后缀：action
2019-08-30 16:19:42 server.req_resp_Imp.ResponImp.getResHeader(ResponImp.java:61) ResponImp.java INFO 后缀：html
2019-08-30 16:19:42 server.req_resp_Imp.ResponImp.getResHeader(ResponImp.java:61) ResponImp.java INFO 后缀：html
2019-08-30 16:22:27 server.req_resp_Imp.ResponImp.getResHeader(ResponImp.java:61) ResponImp.java INFO 后缀：ico
2019-08-30 16:22:27 server.req_resp_Imp.ResponImp.getResHeader(ResponImp.java:61) ResponImp.java INFO 后缀：ico
2019-08-30 16:22:31 server.req_resp_Imp.ResponImp.getResHeader(ResponImp.java:61) ResponImp.java INFO 后缀：html
2019-08-30 16:22:31 server.req_resp_Imp.ResponImp.getResHeader(ResponImp.java:61) ResponImp.java INFO 后缀：html
2019-08-30 16:22:32 server.req_resp_Imp.ResponImp.getResHeader(ResponImp.java:61) ResponImp.java INFO 后缀：ico
2019-08-30 16:22:32 server.req_resp_Imp.ResponImp.getResHeader(ResponImp.java:61) ResponImp.java INFO 后缀：ico
2019-08-30 16:22:41 server.req_resp_Imp.RequestImp.spBody(RequestImp.java:96) RequestImp.java INFO id
2019-08-30 16:22:41 server.req_resp_Imp.RequestImp.spBody(RequestImp.java:96) RequestImp.java INFO pwd
2019-08-30 16:22:41 server.req_resp_Imp.ResponImp.getResHeader(ResponImp.java:61) ResponImp.java INFO 后缀：action
2019-08-30 16:23:03 server.req_resp_Imp.ResponImp.getResHeader(ResponImp.java:61) ResponImp.java INFO 后缀：html
2019-08-30 16:23:03 server.req_resp_Imp.ResponImp.getResHeader(ResponImp.java:61) ResponImp.java INFO 后缀：html
2019-08-30 16:23:21 server.req_resp_Imp.ResponImp.getResHeader(ResponImp.java:61) ResponImp.java INFO 后缀：html
2019-08-30 16:23:21 server.req_resp_Imp.ResponImp.getResHeader(ResponImp.java:61) ResponImp.java INFO 后缀：html
2019-08-30 16:23:27 server.req_resp_Imp.RequestImp.spBody(RequestImp.java:96) RequestImp.java INFO id
2019-08-30 16:23:27 server.req_resp_Imp.RequestImp.spBody(RequestImp.java:96) RequestImp.java INFO pwd
2019-08-30 16:23:27 server.req_resp_Imp.ResponImp.getResHeader(ResponImp.java:61) ResponImp.java INFO 后缀：action
2019-08-30 16:24:22 server.req_resp_Imp.ResponImp.getResHeader(ResponImp.java:61) ResponImp.java INFO 后缀：html
2019-08-30 16:24:22 server.req_resp_Imp.ResponImp.getResHeader(ResponImp.java:61) ResponImp.java INFO 后缀：html
2019-08-30 16:25:49 server.req_resp_Imp.ResponImp.getResHeader(ResponImp.java:61) ResponImp.java INFO 后缀：html
2019-08-30 16:25:49 server.req_resp_Imp.ResponImp.getResHeader(ResponImp.java:61) ResponImp.java INFO 后缀：html
2019-08-30 16:25:56 server.req_resp_Imp.RequestImp.spBody(RequestImp.java:96) RequestImp.java INFO id
2019-08-30 16:25:56 server.req_resp_Imp.RequestImp.spBody(RequestImp.java:96) RequestImp.java INFO pwd
2019-08-30 16:25:56 server.req_resp_Imp.ResponImp.getResHeader(ResponImp.java:61) ResponImp.java INFO 后缀：action
2019-08-30 16:26:00 server.req_resp_Imp.ResponImp.getResHeader(ResponImp.java:61) ResponImp.java INFO 后缀：html
2019-08-30 16:26:00 server.req_resp_Imp.ResponImp.getResHeader(ResponImp.java:61) ResponImp.java INFO 后缀：html
2019-08-30 16:26:06 server.req_resp_Imp.RequestImp.spBody(RequestImp.java:96) RequestImp.java INFO id
2019-08-30 16:26:06 server.req_resp_Imp.RequestImp.spBody(RequestImp.java:96) RequestImp.java INFO pwd
2019-08-30 16:26:06 server.req_resp_Imp.ResponImp.getResHeader(ResponImp.java:61) ResponImp.java INFO 后缀：action
2019-08-30 16:26:11 server.req_resp_Imp.ResponImp.getResHeader(ResponImp.java:61) ResponImp.java INFO 后缀：html
2019-08-30 16:26:11 server.req_resp_Imp.ResponImp.getResHeader(ResponImp.java:61) ResponImp.java INFO 后缀：html
2019-08-30 16:26:18 server.req_resp_Imp.RequestImp.spBody(RequestImp.java:96) RequestImp.java INFO id
2019-08-30 16:26:18 server.req_resp_Imp.RequestImp.spBody(RequestImp.java:96) RequestImp.java INFO pwd
2019-08-30 16:26:18 server.req_resp_Imp.ResponImp.getResHeader(ResponImp.java:61) ResponImp.java INFO 后缀：action
2019-08-30 16:28:18 server.req_resp_Imp.ResponImp.getResHeader(ResponImp.java:61) ResponImp.java INFO 后缀：html
2019-08-30 16:28:18 server.req_resp_Imp.ResponImp.getResHeader(ResponImp.java:61) ResponImp.java INFO 后缀：html
2019-08-30 16:28:22 server.req_resp_Imp.RequestImp.spBody(RequestImp.java:96) RequestImp.java INFO id
2019-08-30 16:28:22 server.req_resp_Imp.RequestImp.spBody(RequestImp.java:96) RequestImp.java INFO pwd
2019-08-30 16:28:22 server.req_resp_Imp.ResponImp.getResHeader(ResponImp.java:61) ResponImp.java INFO 后缀：action
2019-08-30 16:28:25 server.req_resp_Imp.ResponImp.getResHeader(ResponImp.java:61) ResponImp.java INFO 后缀：html
2019-08-30 16:28:25 server.req_resp_Imp.ResponImp.getResHeader(ResponImp.java:61) ResponImp.java INFO 后缀：html
2019-08-30 16:28:28 server.req_resp_Imp.RequestImp.spBody(RequestImp.java:96) RequestImp.java INFO id
2019-08-30 16:28:28 server.req_resp_Imp.RequestImp.spBody(RequestImp.java:96) RequestImp.java INFO pwd
2019-08-30 16:28:28 server.req_resp_Imp.ResponImp.getResHeader(ResponImp.java:61) ResponImp.java INFO 后缀：action
2019-08-30 16:32:27 server.req_resp_Imp.ResponImp.getResHeader(ResponImp.java:61) ResponImp.java INFO 后缀：ico
2019-08-30 16:32:27 server.req_resp_Imp.ResponImp.getResHeader(ResponImp.java:61) ResponImp.java INFO 后缀：ico
2019-08-30 16:32:31 server.req_resp_Imp.ResponImp.getResHeader(ResponImp.java:61) ResponImp.java INFO 后缀：html
2019-08-30 16:32:31 server.req_resp_Imp.ResponImp.getResHeader(ResponImp.java:61) ResponImp.java INFO 后缀：html
2019-08-30 16:32:41 server.req_resp_Imp.RequestImp.spBody(RequestImp.java:96) RequestImp.java INFO id
2019-08-30 16:32:41 server.req_resp_Imp.RequestImp.spBody(RequestImp.java:96) RequestImp.java INFO pwd
2019-08-30 16:32:41 server.req_resp_Imp.ResponImp.getResHeader(ResponImp.java:61) ResponImp.java INFO 后缀：action
2019-08-30 16:32:43 server.req_resp_Imp.RequestImp.spBody(RequestImp.java:96) RequestImp.java INFO id
2019-08-30 16:32:43 server.req_resp_Imp.RequestImp.spBody(RequestImp.java:96) RequestImp.java INFO pwd
2019-08-30 16:32:43 server.req_resp_Imp.ResponImp.getResHeader(ResponImp.java:61) ResponImp.java INFO 后缀：action
2019-08-30 16:32:44 server.req_resp_Imp.RequestImp.spBody(RequestImp.java:96) RequestImp.java INFO id
2019-08-30 16:32:44 server.req_resp_Imp.RequestImp.spBody(RequestImp.java:96) RequestImp.java INFO pwd
2019-08-30 16:32:44 server.req_resp_Imp.ResponImp.getResHeader(ResponImp.java:61) ResponImp.java INFO 后缀：action
2019-08-30 16:32:44 server.req_resp_Imp.RequestImp.spBody(RequestImp.java:96) RequestImp.java INFO id
2019-08-30 16:32:44 server.req_resp_Imp.RequestImp.spBody(RequestImp.java:96) RequestImp.java INFO pwd
2019-08-30 16:32:44 server.req_resp_Imp.ResponImp.getResHeader(ResponImp.java:61) ResponImp.java INFO 后缀：action
2019-08-30 16:32:44 server.req_resp_Imp.RequestImp.spBody(RequestImp.java:96) RequestImp.java INFO id
2019-08-30 16:32:44 server.req_resp_Imp.RequestImp.spBody(RequestImp.java:96) RequestImp.java INFO pwd
2019-08-30 16:32:44 server.req_resp_Imp.ResponImp.getResHeader(ResponImp.java:61) ResponImp.java INFO 后缀：action
2019-08-30 16:32:45 server.req_resp_Imp.RequestImp.spBody(RequestImp.java:96) RequestImp.java INFO id
2019-08-30 16:32:45 server.req_resp_Imp.RequestImp.spBody(RequestImp.java:96) RequestImp.java INFO pwd
2019-08-30 16:32:45 server.req_resp_Imp.ResponImp.getResHeader(ResponImp.java:61) ResponImp.java INFO 后缀：action
2019-08-30 16:32:45 server.req_resp_Imp.RequestImp.spBody(RequestImp.java:96) RequestImp.java INFO id
2019-08-30 16:32:45 server.req_resp_Imp.RequestImp.spBody(RequestImp.java:96) RequestImp.java INFO pwd
2019-08-30 16:32:45 server.req_resp_Imp.ResponImp.getResHeader(ResponImp.java:61) ResponImp.java INFO 后缀：action
2019-08-30 16:32:45 server.req_resp_Imp.RequestImp.spBody(RequestImp.java:96) RequestImp.java INFO id
2019-08-30 16:32:45 server.req_resp_Imp.RequestImp.spBody(RequestImp.java:96) RequestImp.java INFO pwd
2019-08-30 16:32:45 server.req_resp_Imp.ResponImp.getResHeader(ResponImp.java:61) ResponImp.java INFO 后缀：action
2019-08-30 16:32:45 server.req_resp_Imp.RequestImp.spBody(RequestImp.java:96) RequestImp.java INFO id
2019-08-30 16:32:45 server.req_resp_Imp.RequestImp.spBody(RequestImp.java:96) RequestImp.java INFO pwd
2019-08-30 16:32:45 server.req_resp_Imp.ResponImp.getResHeader(ResponImp.java:61) ResponImp.java INFO 后缀：action
2019-08-30 16:32:45 server.req_resp_Imp.RequestImp.spBody(RequestImp.java:96) RequestImp.java INFO id
2019-08-30 16:32:45 server.req_resp_Imp.RequestImp.spBody(RequestImp.java:96) RequestImp.java INFO pwd
2019-08-30 16:32:45 server.req_resp_Imp.ResponImp.getResHeader(ResponImp.java:61) ResponImp.java INFO 后缀：action
2019-08-30 16:32:45 server.req_resp_Imp.RequestImp.spBody(RequestImp.java:96) RequestImp.java INFO id
2019-08-30 16:32:45 server.req_resp_Imp.RequestImp.spBody(RequestImp.java:96) RequestImp.java INFO pwd
2019-08-30 16:32:45 server.req_resp_Imp.ResponImp.getResHeader(ResponImp.java:61) ResponImp.java INFO 后缀：action
2019-08-30 16:32:46 server.req_resp_Imp.RequestImp.spBody(RequestImp.java:96) RequestImp.java INFO id
2019-08-30 16:32:46 server.req_resp_Imp.RequestImp.spBody(RequestImp.java:96) RequestImp.java INFO pwd
2019-08-30 16:32:46 server.req_resp_Imp.ResponImp.getResHeader(ResponImp.java:61) ResponImp.java INFO 后缀：action
2019-08-30 16:32:46 server.req_resp_Imp.RequestImp.spBody(RequestImp.java:96) RequestImp.java INFO id
2019-08-30 16:32:46 server.req_resp_Imp.RequestImp.spBody(RequestImp.java:96) RequestImp.java INFO pwd
2019-08-30 16:32:46 server.req_resp_Imp.ResponImp.getResHeader(ResponImp.java:61) ResponImp.java INFO 后缀：action
2019-08-30 16:32:46 server.req_resp_Imp.RequestImp.spBody(RequestImp.java:96) RequestImp.java INFO id
2019-08-30 16:32:46 server.req_resp_Imp.RequestImp.spBody(RequestImp.java:96) RequestImp.java INFO pwd
2019-08-30 16:32:46 server.req_resp_Imp.ResponImp.getResHeader(ResponImp.java:61) ResponImp.java INFO 后缀：action
2019-08-30 16:32:46 server.req_resp_Imp.RequestImp.spBody(RequestImp.java:96) RequestImp.java INFO id
2019-08-30 16:32:46 server.req_resp_Imp.RequestImp.spBody(RequestImp.java:96) RequestImp.java INFO pwd
2019-08-30 16:32:46 server.req_resp_Imp.ResponImp.getResHeader(ResponImp.java:61) ResponImp.java INFO 后缀：action
2019-08-30 16:32:46 server.req_resp_Imp.RequestImp.spBody(RequestImp.java:96) RequestImp.java INFO id
2019-08-30 16:32:46 server.req_resp_Imp.RequestImp.spBody(RequestImp.java:96) RequestImp.java INFO pwd
2019-08-30 16:32:46 server.req_resp_Imp.ResponImp.getResHeader(ResponImp.java:61) ResponImp.java INFO 后缀：action
2019-08-30 16:32:47 server.req_resp_Imp.RequestImp.spBody(RequestImp.java:96) RequestImp.java INFO id
2019-08-30 16:32:47 server.req_resp_Imp.RequestImp.spBody(RequestImp.java:96) RequestImp.java INFO pwd
2019-08-30 16:32:47 server.req_resp_Imp.ResponImp.getResHeader(ResponImp.java:61) ResponImp.java INFO 后缀：action
2019-08-30 16:32:50 server.req_resp_Imp.RequestImp.spBody(RequestImp.java:96) RequestImp.java INFO id
2019-08-30 16:32:50 server.req_resp_Imp.RequestImp.spBody(RequestImp.java:96) RequestImp.java INFO pwd
2019-08-30 16:32:50 server.req_resp_Imp.ResponImp.getResHeader(ResponImp.java:61) ResponImp.java INFO 后缀：action
2019-08-30 16:57:36 server.req_resp_Imp.RequestImp.spReqLine(RequestImp.java:50) RequestImp.java INFO /favicon.ico
2019-08-30 16:57:36 server.req_resp_Imp.ResponImp.getResHeader(ResponImp.java:61) ResponImp.java INFO 后缀：ico
2019-08-30 16:57:36 server.req_resp_Imp.ResponImp.getResHeader(ResponImp.java:61) ResponImp.java INFO 后缀：ico
2019-08-30 16:57:37 server.req_resp_Imp.RequestImp.spReqLine(RequestImp.java:50) RequestImp.java INFO /postRequest.html
2019-08-30 16:57:37 server.req_resp_Imp.ResponImp.getResHeader(ResponImp.java:61) ResponImp.java INFO 后缀：html
2019-08-30 16:57:37 server.req_resp_Imp.ResponImp.getResHeader(ResponImp.java:61) ResponImp.java INFO 后缀：html
2019-08-30 16:57:37 server.req_resp_Imp.RequestImp.spReqLine(RequestImp.java:50) RequestImp.java INFO /favicon.ico
2019-08-30 16:57:37 server.req_resp_Imp.ResponImp.getResHeader(ResponImp.java:61) ResponImp.java INFO 后缀：ico
2019-08-30 16:57:37 server.req_resp_Imp.ResponImp.getResHeader(ResponImp.java:61) ResponImp.java INFO 后缀：ico
2019-08-30 16:57:47 server.req_resp_Imp.RequestImp.spReqLine(RequestImp.java:50) RequestImp.java INFO /HelloServlet.action
2019-08-30 16:58:59 server.req_resp_Imp.RequestImp.spReqLine(RequestImp.java:49) RequestImp.java INFO GET
2019-08-30 16:58:59 server.req_resp_Imp.RequestImp.spReqLine(RequestImp.java:51) RequestImp.java INFO /HelloServlet.action
2019-08-30 16:58:59 server.req_resp_Imp.ResponImp.getResHeader(ResponImp.java:61) ResponImp.java INFO 后缀：action
2019-08-30 16:59:06 server.req_resp_Imp.RequestImp.spReqLine(RequestImp.java:49) RequestImp.java INFO GET
2019-08-30 16:59:06 server.req_resp_Imp.RequestImp.spReqLine(RequestImp.java:51) RequestImp.java INFO /postRequest.html
2019-08-30 16:59:06 server.req_resp_Imp.ResponImp.getResHeader(ResponImp.java:61) ResponImp.java INFO 后缀：html
2019-08-30 16:59:06 server.req_resp_Imp.ResponImp.getResHeader(ResponImp.java:61) ResponImp.java INFO 后缀：html
2019-08-30 16:59:11 server.req_resp_Imp.RequestImp.spReqLine(RequestImp.java:49) RequestImp.java INFO POST
2019-08-30 16:59:11 server.req_resp_Imp.RequestImp.spReqLine(RequestImp.java:51) RequestImp.java INFO /HelloServlet.action
2019-08-30 16:59:24 server.req_resp_Imp.RequestImp.spBody(RequestImp.java:97) RequestImp.java INFO id
2019-08-30 16:59:24 server.req_resp_Imp.RequestImp.spBody(RequestImp.java:97) RequestImp.java INFO pwd
2019-08-30 16:59:24 server.req_resp_Imp.ResponImp.getResHeader(ResponImp.java:61) ResponImp.java INFO 后缀：action
2019-08-30 17:02:31 server.req_resp_Imp.RequestImp.spReqLine(RequestImp.java:49) RequestImp.java INFO GET
2019-08-30 17:02:31 server.req_resp_Imp.RequestImp.spReqLine(RequestImp.java:51) RequestImp.java INFO /favicon.ico
2019-08-30 17:02:31 server.req_resp_Imp.ResponImp.getResHeader(ResponImp.java:61) ResponImp.java INFO 后缀：ico
2019-08-30 17:02:31 server.req_resp_Imp.ResponImp.isDynam(ResponImp.java:115) ResponImp.java INFO isDynam/favicon.ico
2019-08-30 17:02:31 server.req_resp_Imp.ResponImp.getResHeader(ResponImp.java:61) ResponImp.java INFO 后缀：ico
2019-08-30 17:02:36 server.req_resp_Imp.RequestImp.spReqLine(RequestImp.java:49) RequestImp.java INFO GET
2019-08-30 17:02:36 server.req_resp_Imp.RequestImp.spReqLine(RequestImp.java:51) RequestImp.java INFO /postRequest.html
2019-08-30 17:02:36 server.req_resp_Imp.ResponImp.getResHeader(ResponImp.java:61) ResponImp.java INFO 后缀：html
2019-08-30 17:02:36 server.req_resp_Imp.ResponImp.isDynam(ResponImp.java:115) ResponImp.java INFO isDynam/postRequest.html
2019-08-30 17:02:36 server.req_resp_Imp.ResponImp.getResHeader(ResponImp.java:61) ResponImp.java INFO 后缀：html
2019-08-30 17:02:36 server.req_resp_Imp.RequestImp.spReqLine(RequestImp.java:49) RequestImp.java INFO GET
2019-08-30 17:02:36 server.req_resp_Imp.RequestImp.spReqLine(RequestImp.java:51) RequestImp.java INFO /favicon.ico
2019-08-30 17:02:36 server.req_resp_Imp.ResponImp.getResHeader(ResponImp.java:61) ResponImp.java INFO 后缀：ico
2019-08-30 17:02:36 server.req_resp_Imp.ResponImp.isDynam(ResponImp.java:115) ResponImp.java INFO isDynam/favicon.ico
2019-08-30 17:02:36 server.req_resp_Imp.ResponImp.getResHeader(ResponImp.java:61) ResponImp.java INFO 后缀：ico
2019-08-30 17:02:46 server.req_resp_Imp.RequestImp.spReqLine(RequestImp.java:49) RequestImp.java INFO POST
2019-08-30 17:02:46 server.req_resp_Imp.RequestImp.spReqLine(RequestImp.java:51) RequestImp.java INFO /HelloServlet.action
2019-08-30 17:05:27 server.req_resp_Imp.RequestImp.spReqLine(RequestImp.java:49) RequestImp.java INFO GET
2019-08-30 17:05:27 server.req_resp_Imp.RequestImp.spReqLine(RequestImp.java:51) RequestImp.java INFO /postRequest.html
2019-08-30 17:05:27 server.req_resp_Imp.ResponImp.getResHeader(ResponImp.java:61) ResponImp.java INFO 后缀：html
2019-08-30 17:05:27 server.req_resp_Imp.ResponImp.getResHeader(ResponImp.java:61) ResponImp.java INFO 后缀：html
2019-08-30 17:05:33 server.req_resp_Imp.RequestImp.spReqLine(RequestImp.java:49) RequestImp.java INFO POST
2019-08-30 17:05:33 server.req_resp_Imp.RequestImp.spReqLine(RequestImp.java:51) RequestImp.java INFO /HelloServlet.action
2019-08-30 17:05:49 server.req_resp_Imp.RequestImp.spReqLine(RequestImp.java:49) RequestImp.java INFO GET
2019-08-30 17:05:49 server.req_resp_Imp.RequestImp.spReqLine(RequestImp.java:51) RequestImp.java INFO /postRequest.html
2019-08-30 17:05:49 server.req_resp_Imp.ResponImp.getResHeader(ResponImp.java:61) ResponImp.java INFO 后缀：html
2019-08-30 17:05:49 server.req_resp_Imp.ResponImp.getResHeader(ResponImp.java:61) ResponImp.java INFO 后缀：html
2019-08-30 17:05:53 server.req_resp_Imp.RequestImp.spReqLine(RequestImp.java:49) RequestImp.java INFO POST
2019-08-30 17:05:53 server.req_resp_Imp.RequestImp.spReqLine(RequestImp.java:51) RequestImp.java INFO /HelloServlet.action
2019-08-30 17:10:41 server.req_resp_Imp.RequestImp.spBody(RequestImp.java:97) RequestImp.java INFO id
2019-08-30 17:10:41 server.req_resp_Imp.RequestImp.spBody(RequestImp.java:97) RequestImp.java INFO pwd
2019-08-30 17:10:41 server.req_resp_Imp.ResponImp.getResHeader(ResponImp.java:61) ResponImp.java INFO 后缀：action
2019-08-30 17:10:41 server.req_resp_Imp.ResponImp.isDynam(ResponImp.java:132) ResponImp.java INFO dynClassNameserver.servlet.HelloServlet
2019-08-30 17:10:41 server.req_resp_Imp.ResponImp.sendResresource(ResponImp.java:95) ResponImp.java INFO isDynam/HelloServlet.action
2019-08-30 19:17:07 server.req_resp_Imp.RequestImp.spReqLine(RequestImp.java:49) RequestImp.java INFO GET
2019-08-30 19:17:07 server.req_resp_Imp.RequestImp.spReqLine(RequestImp.java:51) RequestImp.java INFO /favicon.ico
2019-08-30 19:17:07 server.req_resp_Imp.ResponImp.getResHeader(ResponImp.java:61) ResponImp.java INFO 后缀：ico
2019-08-30 19:17:07 server.req_resp_Imp.ResponImp.getResHeader(ResponImp.java:61) ResponImp.java INFO 后缀：ico
2019-08-30 19:17:12 server.req_resp_Imp.RequestImp.spReqLine(RequestImp.java:49) RequestImp.java INFO GET
2019-08-30 19:17:12 server.req_resp_Imp.RequestImp.spReqLine(RequestImp.java:51) RequestImp.java INFO /postRequest.html
2019-08-30 19:17:12 server.req_resp_Imp.ResponImp.getResHeader(ResponImp.java:61) ResponImp.java INFO 后缀：html
2019-08-30 19:17:12 server.req_resp_Imp.ResponImp.getResHeader(ResponImp.java:61) ResponImp.java INFO 后缀：html
2019-08-30 19:17:16 server.req_resp_Imp.RequestImp.spReqLine(RequestImp.java:49) RequestImp.java INFO POST
2019-08-30 19:17:16 server.req_resp_Imp.RequestImp.spReqLine(RequestImp.java:51) RequestImp.java INFO /HelloServlet.action
2019-08-30 19:20:45 server.req_resp_Imp.RequestImp.spReqLine(RequestImp.java:49) RequestImp.java INFO GET
2019-08-30 19:20:45 server.req_resp_Imp.RequestImp.spReqLine(RequestImp.java:51) RequestImp.java INFO /postRequest.html
2019-08-30 19:20:45 server.req_resp_Imp.ResponImp.getResHeader(ResponImp.java:61) ResponImp.java INFO 后缀：html
2019-08-30 19:20:45 server.req_resp_Imp.ResponImp.getResHeader(ResponImp.java:61) ResponImp.java INFO 后缀：html
2019-08-30 19:20:49 server.req_resp_Imp.RequestImp.spReqLine(RequestImp.java:49) RequestImp.java INFO POST
2019-08-30 19:20:49 server.req_resp_Imp.RequestImp.spReqLine(RequestImp.java:51) RequestImp.java INFO /HelloServlet.action
2019-08-30 19:20:54 server.req_resp_Imp.RequestImp.spBody(RequestImp.java:97) RequestImp.java INFO id
2019-08-30 19:20:54 server.req_resp_Imp.RequestImp.spBody(RequestImp.java:97) RequestImp.java INFO pwd
2019-08-30 19:20:54 server.req_resp_Imp.RequestImp.spReqLine(RequestImp.java:49) RequestImp.java INFO POST
2019-08-30 19:20:54 server.req_resp_Imp.ResponImp.getResHeader(ResponImp.java:61) ResponImp.java INFO 后缀：action
2019-08-30 19:20:54 server.req_resp_Imp.RequestImp.spReqLine(RequestImp.java:51) RequestImp.java INFO /HelloServlet.action
2019-08-30 19:20:54 server.req_resp_Imp.ResponImp.isDynam(ResponImp.java:130) ResponImp.java INFO HelloServlet
2019-08-30 19:20:54 server.req_resp_Imp.ResponImp.sendResresource(ResponImp.java:95) ResponImp.java INFO isDynam/HelloServlet.action
2019-08-30 19:21:05 server.req_resp_Imp.RequestImp.spBody(RequestImp.java:97) RequestImp.java INFO id
2019-08-30 19:21:05 server.req_resp_Imp.RequestImp.spBody(RequestImp.java:97) RequestImp.java INFO pwd
2019-08-30 19:21:05 server.req_resp_Imp.RequestImp.spReqLine(RequestImp.java:49) RequestImp.java INFO POST
2019-08-30 19:21:05 server.req_resp_Imp.ResponImp.getResHeader(ResponImp.java:61) ResponImp.java INFO 后缀：action
2019-08-30 19:21:05 server.req_resp_Imp.RequestImp.spReqLine(RequestImp.java:51) RequestImp.java INFO /HelloServlet.action
2019-08-30 19:21:05 server.req_resp_Imp.ResponImp.isDynam(ResponImp.java:130) ResponImp.java INFO HelloServlet
2019-08-30 19:21:05 server.req_resp_Imp.ResponImp.sendResresource(ResponImp.java:95) ResponImp.java INFO isDynam/HelloServlet.action
2019-08-30 19:21:47 server.req_resp_Imp.RequestImp.spBody(RequestImp.java:97) RequestImp.java INFO id
2019-08-30 19:21:47 server.req_resp_Imp.RequestImp.spBody(RequestImp.java:97) RequestImp.java INFO pwd
2019-08-30 19:21:47 server.req_resp_Imp.ResponImp.getResHeader(ResponImp.java:61) ResponImp.java INFO 后缀：action
2019-08-30 19:21:47 server.req_resp_Imp.ResponImp.isDynam(ResponImp.java:130) ResponImp.java INFO HelloServlet
2019-08-30 19:21:47 server.req_resp_Imp.ResponImp.sendResresource(ResponImp.java:95) ResponImp.java INFO isDynam/HelloServlet.action
2019-08-30 19:22:24 server.req_resp_Imp.RequestImp.spReqLine(RequestImp.java:49) RequestImp.java INFO POST
2019-08-30 19:22:24 server.req_resp_Imp.RequestImp.spReqLine(RequestImp.java:51) RequestImp.java INFO /HelloServlet.action
2019-08-30 19:22:24 server.req_resp_Imp.RequestImp.spBody(RequestImp.java:97) RequestImp.java INFO id
2019-08-30 19:22:24 server.req_resp_Imp.RequestImp.spBody(RequestImp.java:97) RequestImp.java INFO pwd
2019-08-30 19:22:24 server.req_resp_Imp.RequestImp.spReqLine(RequestImp.java:49) RequestImp.java INFO GET
2019-08-30 19:22:24 server.req_resp_Imp.RequestImp.spReqLine(RequestImp.java:51) RequestImp.java INFO /HelloServlet.action
2019-08-30 19:22:24 server.req_resp_Imp.ResponImp.getResHeader(ResponImp.java:61) ResponImp.java INFO 后缀：action
2019-08-30 19:22:24 server.req_resp_Imp.ResponImp.getResHeader(ResponImp.java:61) ResponImp.java INFO 后缀：action
2019-08-30 19:22:24 server.req_resp_Imp.ResponImp.isDynam(ResponImp.java:130) ResponImp.java INFO HelloServlet
2019-08-30 19:22:24 server.req_resp_Imp.ResponImp.isDynam(ResponImp.java:130) ResponImp.java INFO HelloServlet
2019-08-30 19:22:24 server.req_resp_Imp.ResponImp.sendResresource(ResponImp.java:95) ResponImp.java INFO isDynam/HelloServlet.action
2019-08-30 19:22:24 server.req_resp_Imp.ResponImp.sendResresource(ResponImp.java:95) ResponImp.java INFO isDynam/HelloServlet.action
2019-08-30 19:22:28 server.req_resp_Imp.RequestImp.spReqLine(RequestImp.java:49) RequestImp.java INFO GET
2019-08-30 19:22:28 server.req_resp_Imp.RequestImp.spReqLine(RequestImp.java:51) RequestImp.java INFO /postRequest.html
2019-08-30 19:22:28 server.req_resp_Imp.ResponImp.getResHeader(ResponImp.java:61) ResponImp.java INFO 后缀：html
2019-08-30 19:22:28 server.req_resp_Imp.ResponImp.getResHeader(ResponImp.java:61) ResponImp.java INFO 后缀：html
2019-08-30 19:22:33 server.req_resp_Imp.RequestImp.spReqLine(RequestImp.java:49) RequestImp.java INFO POST
2019-08-30 19:22:33 server.req_resp_Imp.RequestImp.spReqLine(RequestImp.java:51) RequestImp.java INFO /HelloServlet.action
2019-08-30 19:22:41 server.req_resp_Imp.RequestImp.spBody(RequestImp.java:97) RequestImp.java INFO id
2019-08-30 19:22:41 server.req_resp_Imp.RequestImp.spBody(RequestImp.java:97) RequestImp.java INFO pwd
2019-08-30 19:22:41 server.req_resp_Imp.RequestImp.spReqLine(RequestImp.java:49) RequestImp.java INFO POST
2019-08-30 19:22:41 server.req_resp_Imp.ResponImp.getResHeader(ResponImp.java:61) ResponImp.java INFO 后缀：action
2019-08-30 19:22:41 server.req_resp_Imp.RequestImp.spReqLine(RequestImp.java:51) RequestImp.java INFO /HelloServlet.action
2019-08-30 19:22:41 server.req_resp_Imp.ResponImp.isDynam(ResponImp.java:130) ResponImp.java INFO HelloServlet
2019-08-30 19:22:41 server.req_resp_Imp.ResponImp.sendResresource(ResponImp.java:95) ResponImp.java INFO isDynam/HelloServlet.action
2019-08-30 19:27:11 server.req_resp_Imp.RequestImp.spReqLine(RequestImp.java:49) RequestImp.java INFO GET
2019-08-30 19:27:11 server.req_resp_Imp.RequestImp.spReqLine(RequestImp.java:51) RequestImp.java INFO /favicon.ico
2019-08-30 19:27:11 server.req_resp_Imp.ResponImp.getResHeader(ResponImp.java:61) ResponImp.java INFO 后缀：ico
2019-08-30 19:27:11 server.req_resp_Imp.ResponImp.getResHeader(ResponImp.java:61) ResponImp.java INFO 后缀：ico
2019-08-30 19:27:12 server.req_resp_Imp.RequestImp.spReqLine(RequestImp.java:49) RequestImp.java INFO GET
2019-08-30 19:27:12 server.req_resp_Imp.RequestImp.spReqLine(RequestImp.java:51) RequestImp.java INFO /postRequest.html
2019-08-30 19:27:12 server.req_resp_Imp.ResponImp.getResHeader(ResponImp.java:61) ResponImp.java INFO 后缀：html
2019-08-30 19:27:12 server.req_resp_Imp.ResponImp.getResHeader(ResponImp.java:61) ResponImp.java INFO 后缀：html
2019-08-30 19:27:16 server.req_resp_Imp.RequestImp.spReqLine(RequestImp.java:49) RequestImp.java INFO POST
2019-08-30 19:27:16 server.req_resp_Imp.RequestImp.spReqLine(RequestImp.java:51) RequestImp.java INFO /HelloServlet.action
2019-08-30 19:27:26 server.req_resp_Imp.RequestImp.spBody(RequestImp.java:97) RequestImp.java INFO id
2019-08-30 19:27:26 server.req_resp_Imp.RequestImp.spBody(RequestImp.java:97) RequestImp.java INFO pwd
2019-08-30 19:27:26 server.req_resp_Imp.RequestImp.spReqLine(RequestImp.java:49) RequestImp.java INFO POST
2019-08-30 19:27:26 server.req_resp_Imp.RequestImp.spReqLine(RequestImp.java:51) RequestImp.java INFO /HelloServlet.action
2019-08-30 19:27:26 server.req_resp_Imp.ResponImp.getResHeader(ResponImp.java:61) ResponImp.java INFO 后缀：action
2019-08-30 19:27:26 server.req_resp_Imp.ResponImp.isDynam(ResponImp.java:131) ResponImp.java INFO HelloServlet
2019-08-30 19:27:26 server.req_resp_Imp.ResponImp.sendResresource(ResponImp.java:95) ResponImp.java INFO isDynam/HelloServlet.action
2019-08-30 19:27:32 server.req_resp_Imp.RequestImp.spBody(RequestImp.java:97) RequestImp.java INFO id
2019-08-30 19:27:32 server.req_resp_Imp.RequestImp.spBody(RequestImp.java:97) RequestImp.java INFO pwd
2019-08-30 19:27:32 server.req_resp_Imp.RequestImp.spReqLine(RequestImp.java:49) RequestImp.java INFO POST
2019-08-30 19:27:32 server.req_resp_Imp.ResponImp.getResHeader(ResponImp.java:61) ResponImp.java INFO 后缀：action
2019-08-30 19:27:32 server.req_resp_Imp.RequestImp.spReqLine(RequestImp.java:51) RequestImp.java INFO /HelloServlet.action
2019-08-30 19:27:32 server.req_resp_Imp.ResponImp.isDynam(ResponImp.java:131) ResponImp.java INFO HelloServlet
2019-08-30 19:27:32 server.req_resp_Imp.ResponImp.sendResresource(ResponImp.java:95) ResponImp.java INFO isDynam/HelloServlet.action
